{
  "stats": {
    "suites": 1,
    "tests": 3,
    "passes": 0,
    "pending": 0,
    "failures": 3,
    "start": "2019-05-17T21:17:29.231Z",
    "end": "2019-05-17T21:20:32.746Z",
    "duration": 183515,
    "testsRegistered": 3,
    "passPercent": 0,
    "pendingPercent": 0,
    "other": 0,
    "hasOther": false,
    "skipped": 0,
    "hasSkipped": false,
    "passPercentClass": "danger",
    "pendingPercentClass": "danger"
  },
  "suites": {
    "uuid": "c4f60668-6c53-4fa7-a5f5-980a5316d4e4",
    "title": "",
    "fullFile": "",
    "file": "",
    "beforeHooks": [],
    "afterHooks": [],
    "tests": [],
    "suites": [
      {
        "uuid": "65da00ce-04d7-4631-a816-08e6e9577843",
        "title": "Whatsapp icon",
        "fullFile": "",
        "file": "",
        "beforeHooks": [],
        "afterHooks": [],
        "tests": [
          {
            "title": "On click to button it should open if its closed.",
            "fullTitle": "Whatsapp icon On click to button it should open if its closed.",
            "duration": 60965,
            "state": "failed",
            "pass": false,
            "fail": true,
            "pending": false,
            "code": "cy.visit('/');\ncy.get('[data-cy=ws-click-handler]').should('have.css', 'display').and('match', /none/);\ncy.get('[data-cy=ws-list-component]').should('have.css', 'display').and('match', /none/);\ncy.get('[data-cy=whatsapp-button]').click().then(function () {\n  cy.get('[data-cy=ws-click-handler]').should('have.css', 'display').and('match', /block/);\n  cy.get('[data-cy=ws-list-component]').should('have.css', 'display').and('match', /flex/);\n});",
            "err": {
              "message": "CypressError: Timed out after waiting '60000ms' for your remote page to load.\n\nYour page did not fire its 'load' event within '60000ms'.\n\nYou can try increasing the 'pageLoadTimeout' value in 'cypress.json' to wait longer.\n\nBrowsers will not fire the 'load' event until all stylesheets and scripts are done downloading.\n\nWhen this 'load' event occurs, Cypress will continue running commands.",
              "estack": "CypressError: Timed out after waiting '60000ms' for your remote page to load.\n\nYour page did not fire its 'load' event within '60000ms'.\n\nYou can try increasing the 'pageLoadTimeout' value in 'cypress.json' to wait longer.\n\nBrowsers will not fire the 'load' event until all stylesheets and scripts are done downloading.\n\nWhen this 'load' event occurs, Cypress will continue running commands.\n    at Object.cypressErr (http://localhost:4000/__cypress/runner/cypress_runner.js:83139:11)\n    at Object.throwErr (http://localhost:4000/__cypress/runner/cypress_runner.js:83104:18)\n    at Object.throwErrByPath (http://localhost:4000/__cypress/runner/cypress_runner.js:83131:17)\n    at timedOutWaitingForPageLoad (http://localhost:4000/__cypress/runner/cypress_runner.js:72930:17)\n    at http://localhost:4000/__cypress/runner/cypress_runner.js:73594:18\n    at tryCatcher (http://localhost:4000/__cypress/runner/cypress_runner.js:132036:23)\n    at http://localhost:4000/__cypress/runner/cypress_runner.js:127346:41\n    at tryCatcher (http://localhost:4000/__cypress/runner/cypress_runner.js:132036:23)\n    at Promise._settlePromiseFromHandler (http://localhost:4000/__cypress/runner/cypress_runner.js:130054:31)\n    at Promise._settlePromise (http://localhost:4000/__cypress/runner/cypress_runner.js:130111:18)\n    at Promise._settlePromise0 (http://localhost:4000/__cypress/runner/cypress_runner.js:130156:10)\n    at Promise._settlePromises (http://localhost:4000/__cypress/runner/cypress_runner.js:130231:18)\n    at Async._drainQueue (http://localhost:4000/__cypress/runner/cypress_runner.js:126960:16)\n    at Async._drainQueues (http://localhost:4000/__cypress/runner/cypress_runner.js:126970:10)\n    at Async.drainQueues (http://localhost:4000/__cypress/runner/cypress_runner.js:126844:14)\n    at <anonymous>"
            },
            "isRoot": false,
            "uuid": "ae2c649f-e5e0-486d-999e-b2d30e5e54ec",
            "isHook": false,
            "skipped": false
          },
          {
            "title": "On click to button it should close if its opened.",
            "fullTitle": "Whatsapp icon On click to button it should close if its opened.",
            "duration": 60993,
            "state": "failed",
            "pass": false,
            "fail": true,
            "pending": false,
            "code": "cy.visit('/'); // Open it\ncy.get('[data-cy=whatsapp-button]').click();\ncy.get('[data-cy=ws-click-handler]').should('have.css', 'display').and('match', /block/);\ncy.get('[data-cy=ws-list-component]').should('have.css', 'display').and('match', /flex/); // Close it\ncy.get('[data-cy=whatsapp-button]').click().then(function (data) {\n  cy.get('[data-cy=ws-click-handler]').should('have.css', 'display').and('match', /none/);\n  cy.get('[data-cy=ws-list-component]').should('have.css', 'opacity').and('match', /0/);\n});",
            "err": {
              "message": "CypressError: Timed out after waiting '60000ms' for your remote page to load.\n\nYour page did not fire its 'load' event within '60000ms'.\n\nYou can try increasing the 'pageLoadTimeout' value in 'cypress.json' to wait longer.\n\nBrowsers will not fire the 'load' event until all stylesheets and scripts are done downloading.\n\nWhen this 'load' event occurs, Cypress will continue running commands.",
              "estack": "CypressError: Timed out after waiting '60000ms' for your remote page to load.\n\nYour page did not fire its 'load' event within '60000ms'.\n\nYou can try increasing the 'pageLoadTimeout' value in 'cypress.json' to wait longer.\n\nBrowsers will not fire the 'load' event until all stylesheets and scripts are done downloading.\n\nWhen this 'load' event occurs, Cypress will continue running commands.\n    at Object.cypressErr (http://localhost:4000/__cypress/runner/cypress_runner.js:83139:11)\n    at Object.throwErr (http://localhost:4000/__cypress/runner/cypress_runner.js:83104:18)\n    at Object.throwErrByPath (http://localhost:4000/__cypress/runner/cypress_runner.js:83131:17)\n    at timedOutWaitingForPageLoad (http://localhost:4000/__cypress/runner/cypress_runner.js:72930:17)\n    at http://localhost:4000/__cypress/runner/cypress_runner.js:73594:18\n    at tryCatcher (http://localhost:4000/__cypress/runner/cypress_runner.js:132036:23)\n    at http://localhost:4000/__cypress/runner/cypress_runner.js:127346:41\n    at tryCatcher (http://localhost:4000/__cypress/runner/cypress_runner.js:132036:23)\n    at Promise._settlePromiseFromHandler (http://localhost:4000/__cypress/runner/cypress_runner.js:130054:31)\n    at Promise._settlePromise (http://localhost:4000/__cypress/runner/cypress_runner.js:130111:18)\n    at Promise._settlePromise0 (http://localhost:4000/__cypress/runner/cypress_runner.js:130156:10)\n    at Promise._settlePromises (http://localhost:4000/__cypress/runner/cypress_runner.js:130231:18)\n    at Async._drainQueue (http://localhost:4000/__cypress/runner/cypress_runner.js:126960:16)\n    at Async._drainQueues (http://localhost:4000/__cypress/runner/cypress_runner.js:126970:10)\n    at Async.drainQueues (http://localhost:4000/__cypress/runner/cypress_runner.js:126844:14)\n    at <anonymous>"
            },
            "isRoot": false,
            "uuid": "ce3000ba-9c6a-4984-aebc-1013024be073",
            "isHook": false,
            "skipped": false
          },
          {
            "title": "On click to click listener \"darker auter area\" it should close if its open.",
            "fullTitle": "Whatsapp icon On click to click listener \"darker auter area\" it should close if its open.",
            "duration": 61532,
            "state": "failed",
            "pass": false,
            "fail": true,
            "pending": false,
            "code": "cy.visit('/'); // Open it\ncy.get('[data-cy=whatsapp-button]').click().then(function () {\n  cy.get('[data-cy=ws-click-handler]').should('have.css', 'display').and('match', /block/);\n  cy.get('[data-cy=ws-list-component]').should('have.css', 'display').and('match', /flex/);\n  cy.get('[data-cy=ws-click-handler]').should('have.css', 'display').and('match', /block/);\n  cy.get('[data-cy=ws-click-handler]').click().then(function (e) {\n    cy.get('[data-cy=ws-click-handler]').should('have.css', 'display').and('match', /none/);\n    cy.get('[data-cy=ws-list-component]').should('have.css', 'opacity').and('match', /0/);\n  });\n});",
            "err": {
              "message": "CypressError: Timed out after waiting '60000ms' for your remote page to load.\n\nYour page did not fire its 'load' event within '60000ms'.\n\nYou can try increasing the 'pageLoadTimeout' value in 'cypress.json' to wait longer.\n\nBrowsers will not fire the 'load' event until all stylesheets and scripts are done downloading.\n\nWhen this 'load' event occurs, Cypress will continue running commands.",
              "estack": "CypressError: Timed out after waiting '60000ms' for your remote page to load.\n\nYour page did not fire its 'load' event within '60000ms'.\n\nYou can try increasing the 'pageLoadTimeout' value in 'cypress.json' to wait longer.\n\nBrowsers will not fire the 'load' event until all stylesheets and scripts are done downloading.\n\nWhen this 'load' event occurs, Cypress will continue running commands.\n    at Object.cypressErr (http://localhost:4000/__cypress/runner/cypress_runner.js:83139:11)\n    at Object.throwErr (http://localhost:4000/__cypress/runner/cypress_runner.js:83104:18)\n    at Object.throwErrByPath (http://localhost:4000/__cypress/runner/cypress_runner.js:83131:17)\n    at timedOutWaitingForPageLoad (http://localhost:4000/__cypress/runner/cypress_runner.js:72930:17)\n    at http://localhost:4000/__cypress/runner/cypress_runner.js:73594:18\n    at tryCatcher (http://localhost:4000/__cypress/runner/cypress_runner.js:132036:23)\n    at http://localhost:4000/__cypress/runner/cypress_runner.js:127346:41\n    at tryCatcher (http://localhost:4000/__cypress/runner/cypress_runner.js:132036:23)\n    at Promise._settlePromiseFromHandler (http://localhost:4000/__cypress/runner/cypress_runner.js:130054:31)\n    at Promise._settlePromise (http://localhost:4000/__cypress/runner/cypress_runner.js:130111:18)\n    at Promise._settlePromise0 (http://localhost:4000/__cypress/runner/cypress_runner.js:130156:10)\n    at Promise._settlePromises (http://localhost:4000/__cypress/runner/cypress_runner.js:130231:18)\n    at Async._drainQueue (http://localhost:4000/__cypress/runner/cypress_runner.js:126960:16)\n    at Async._drainQueues (http://localhost:4000/__cypress/runner/cypress_runner.js:126970:10)\n    at Async.drainQueues (http://localhost:4000/__cypress/runner/cypress_runner.js:126844:14)\n    at <anonymous>"
            },
            "isRoot": false,
            "uuid": "7a6aa9d9-3750-46b3-a731-5d04ac04c559",
            "isHook": false,
            "skipped": false
          }
        ],
        "suites": [],
        "passes": [],
        "failures": [
          "ae2c649f-e5e0-486d-999e-b2d30e5e54ec",
          "ce3000ba-9c6a-4984-aebc-1013024be073",
          "7a6aa9d9-3750-46b3-a731-5d04ac04c559"
        ],
        "pending": [],
        "skipped": [],
        "duration": 183490,
        "root": false,
        "rootEmpty": false,
        "_timeout": 2000
      }
    ],
    "passes": [],
    "failures": [],
    "pending": [],
    "skipped": [],
    "duration": 0,
    "root": true,
    "rootEmpty": true,
    "_timeout": 2000
  },
  "copyrightYear": 2019
}