{
  "stats": {
    "suites": 1,
    "tests": 1,
    "passes": 0,
    "pending": 0,
    "failures": 1,
    "start": "2019-05-20T15:43:10.423Z",
    "end": "2019-05-20T15:43:27.015Z",
    "duration": 16592,
    "testsRegistered": 1,
    "passPercent": 0,
    "pendingPercent": 0,
    "other": 0,
    "hasOther": false,
    "skipped": 0,
    "hasSkipped": false,
    "passPercentClass": "danger",
    "pendingPercentClass": "danger"
  },
  "suites": {
    "uuid": "330a20cf-3df3-4e62-881c-1900812e0c57",
    "title": "",
    "fullFile": "",
    "file": "",
    "beforeHooks": [],
    "afterHooks": [],
    "tests": [],
    "suites": [
      {
        "uuid": "c34a4965-59ca-4e14-994c-dcd366fd3429",
        "title": "Marketplace page",
        "fullFile": "",
        "file": "",
        "beforeHooks": [],
        "afterHooks": [],
        "tests": [
          {
            "title": "Sample test with secure route renders it",
            "fullTitle": "Marketplace page Sample test with secure route renders it",
            "duration": 14924,
            "state": "failed",
            "pass": false,
            "fail": true,
            "pending": false,
            "code": "cy.visit(_Routes.default.marketplace);\ncy.wait(1000);",
            "err": {
              "message": "CypressError: Timed out after waiting '12000ms' for your remote page to load.\n\nYour page did not fire its 'load' event within '12000ms'.\n\nYou can try increasing the 'pageLoadTimeout' value in 'cypress.json' to wait longer.\n\nBrowsers will not fire the 'load' event until all stylesheets and scripts are done downloading.\n\nWhen this 'load' event occurs, Cypress will continue running commands.",
              "estack": "CypressError: Timed out after waiting '12000ms' for your remote page to load.\n\nYour page did not fire its 'load' event within '12000ms'.\n\nYou can try increasing the 'pageLoadTimeout' value in 'cypress.json' to wait longer.\n\nBrowsers will not fire the 'load' event until all stylesheets and scripts are done downloading.\n\nWhen this 'load' event occurs, Cypress will continue running commands.\n    at Object.cypressErr (http://localhost:4000/__cypress/runner/cypress_runner.js:83139:11)\n    at Object.throwErr (http://localhost:4000/__cypress/runner/cypress_runner.js:83104:18)\n    at Object.throwErrByPath (http://localhost:4000/__cypress/runner/cypress_runner.js:83131:17)\n    at timedOutWaitingForPageLoad (http://localhost:4000/__cypress/runner/cypress_runner.js:72930:17)\n    at http://localhost:4000/__cypress/runner/cypress_runner.js:73594:18\n    at tryCatcher (http://localhost:4000/__cypress/runner/cypress_runner.js:132036:23)\n    at http://localhost:4000/__cypress/runner/cypress_runner.js:127346:41\n    at tryCatcher (http://localhost:4000/__cypress/runner/cypress_runner.js:132036:23)\n    at Promise._settlePromiseFromHandler (http://localhost:4000/__cypress/runner/cypress_runner.js:130054:31)\n    at Promise._settlePromise (http://localhost:4000/__cypress/runner/cypress_runner.js:130111:18)\n    at Promise._settlePromise0 (http://localhost:4000/__cypress/runner/cypress_runner.js:130156:10)\n    at Promise._settlePromises (http://localhost:4000/__cypress/runner/cypress_runner.js:130231:18)\n    at Async._drainQueue (http://localhost:4000/__cypress/runner/cypress_runner.js:126960:16)\n    at Async._drainQueues (http://localhost:4000/__cypress/runner/cypress_runner.js:126970:10)\n    at Async.drainQueues (http://localhost:4000/__cypress/runner/cypress_runner.js:126844:14)\n    at <anonymous>"
            },
            "isRoot": false,
            "uuid": "bb5e4177-df9a-446d-97fd-1e663ac017f6",
            "isHook": false,
            "skipped": false
          }
        ],
        "suites": [],
        "passes": [],
        "failures": [
          "bb5e4177-df9a-446d-97fd-1e663ac017f6"
        ],
        "pending": [],
        "skipped": [],
        "duration": 14924,
        "root": false,
        "rootEmpty": false,
        "_timeout": 2000
      }
    ],
    "passes": [],
    "failures": [],
    "pending": [],
    "skipped": [],
    "duration": 0,
    "root": true,
    "rootEmpty": true,
    "_timeout": 2000
  },
  "copyrightYear": 2019
}